<?xml version="1.0" encoding="UTF-8"?>
<testsuite xmlns:xsi="http://www.w3.org/2001/XMLSchema-instance" xsi:noNamespaceSchemaLocation="https://maven.apache.org/surefire/maven-surefire-plugin/xsd/surefire-test-report-3.0.xsd" version="3.0" name="dao.CustomerDAOTest" time="0.006" tests="14" errors="0" skipped="0" failures="0">
  <properties>
[...]
</properties>
  <testcase name="testCreate_Success" classname="dao.CustomerDAOTest" time="0.0"/>
  <testcase name="testUpdate_Success" classname="dao.CustomerDAOTest" time="0.0"/>
  <testcase name="testDelete_SoftDelete" classname="dao.CustomerDAOTest" time="0.0"/>
  <testcase name="testFindAll" classname="dao.CustomerDAOTest" time="0.001"/>
  <testcase name="testFindById_Found" classname="dao.CustomerDAOTest" time="0.0"/>
  <testcase name="testFindById_NotFound" classname="dao.CustomerDAOTest" time="0.0"/>
  <testcase name="testFindByPhone_Found" classname="dao.CustomerDAOTest" time="0.0"/>
  <testcase name="testFindByPhone_NotFound" classname="dao.CustomerDAOTest" time="0.001"/>
  <testcase name="testUpdatePoint_Success" classname="dao.CustomerDAOTest" time="0.0"/>
  <testcase name="testAddPoint_Success" classname="dao.CustomerDAOTest" time="0.0"/>
  <testcase name="testDeductPoint_EnoughPoint" classname="dao.CustomerDAOTest" time="0.001"/>
  <testcase name="testDeductPoint_NotEnoughPoint" classname="dao.CustomerDAOTest" time="0.0"/>
  <testcase name="testUpdateStatus_Activate" classname="dao.CustomerDAOTest" time="0.0"/>
  <testcase name="testUpdateStatus_Deactivate" classname="dao.CustomerDAOTest" time="0.001"/>
</testsuite>