<?xml version="1.0" encoding="UTF-8"?>
<testsuite xmlns:xsi="http://www.w3.org/2001/XMLSchema-instance" xsi:noNamespaceSchemaLocation="https://maven.apache.org/surefire/maven-surefire-plugin/xsd/surefire-test-report-3.0.xsd" version="3.0" name="com.dao.StatisticDAOTest" time="0.009" tests="9" errors="0" skipped="0" failures="0">
  <properties>
[...]
</properties>
  <testcase name="testTop5BestSelling_ReturnsList" classname="com.dao.StatisticDAOTest" time="0.001"/>
  <testcase name="testTop5BestSelling_Empty" classname="com.dao.StatisticDAOTest" time="0.001"/>
  <testcase name="testTop5BestSelling_NullDates" classname="com.dao.StatisticDAOTest" time="0.001"/>
  <testcase name="testRevenueByDay_ReturnsList" classname="com.dao.StatisticDAOTest" time="0.001"/>
  <testcase name="testRevenueByDay_Empty" classname="com.dao.StatisticDAOTest" time="0.001"/>
  <testcase name="testGetTotalRevenue_Value" classname="com.dao.StatisticDAOTest" time="0.0"/>
  <testcase name="testGetTotalRevenue_Zero" classname="com.dao.StatisticDAOTest" time="0.0"/>
  <testcase name="testGetTotalBills_Count" classname="com.dao.StatisticDAOTest" time="0.0"/>
  <testcase name="testGetTotalBills_Zero" classname="com.dao.StatisticDAOTest" time="0.0"/>
</testsuite>